<<<<<<< HEAD
﻿  main.cpp
  menu.cpp
  코드를 생성하고 있습니다...
  JangBoGi.vcxproj -> C:\Users\csw\Desktop\Grocery_JangBoGi-temporary\Grocery_JangBoGi-temporary\x64\Debug\JangBoGi.exe
=======
﻿  add.cpp
  food.cpp
C:\Users\csw\Desktop\JangBoGi\JangBoGi\food.cpp(95,13): warning C4244: '=': 'double'에서 'int'(으)로 변환하면서 데이터가 손실될 수 있습니다.
C:\Users\csw\Desktop\JangBoGi\JangBoGi\food.cpp(256,43): warning C4267: '초기화 중': 'size_t'에서 'int'(으)로 변환하면서 데이터가 손실될 수 있습니다.
C:\Users\csw\Desktop\JangBoGi\JangBoGi\food.cpp(257,47): warning C4267: '초기화 중': 'size_t'에서 'int'(으)로 변환하면서 데이터가 손실될 수 있습니다.
C:\Users\csw\Desktop\JangBoGi\JangBoGi\food.cpp(269,43): warning C4267: '초기화 중': 'size_t'에서 'int'(으)로 변환하면서 데이터가 손실될 수 있습니다.
C:\Users\csw\Desktop\JangBoGi\JangBoGi\food.cpp(270,47): warning C4267: '초기화 중': 'size_t'에서 'int'(으)로 변환하면서 데이터가 손실될 수 있습니다.
C:\Users\csw\Desktop\JangBoGi\JangBoGi\food.cpp(282,43): warning C4267: '초기화 중': 'size_t'에서 'int'(으)로 변환하면서 데이터가 손실될 수 있습니다.
C:\Users\csw\Desktop\JangBoGi\JangBoGi\food.cpp(293,43): warning C4267: '초기화 중': 'size_t'에서 'int'(으)로 변환하면서 데이터가 손실될 수 있습니다.
C:\Users\csw\Desktop\JangBoGi\JangBoGi\food.cpp(304,43): warning C4267: '초기화 중': 'size_t'에서 'int'(으)로 변환하면서 데이터가 손실될 수 있습니다.
C:\Users\csw\Desktop\JangBoGi\JangBoGi\food.cpp(315,43): warning C4267: '초기화 중': 'size_t'에서 'int'(으)로 변환하면서 데이터가 손실될 수 있습니다.
  home.cpp
  main.cpp
  menu.cpp
  코드를 생성하고 있습니다...
C:\Users\csw\Desktop\JangBoGi\JangBoGi\home.cpp(90): warning C4715: 'keyControl': 모든 제어 경로에서 값을 반환하지는 않습니다.
  JangBoGi.vcxproj -> C:\Users\csw\Desktop\JangBoGi\x64\Debug\JangBoGi.exe
>>>>>>> 13a8b0c8605d27c65e130578f8430de7cacbc786
